This is pdfTeX, Version 3.141592653-2.6-1.40.24 (MiKTeX 21.12) (preloaded format=latex 2022.3.3)  3 MAR 2022 19:44
entering extended mode
 restricted \write18 enabled.
 %&-line parsing enabled.
**"./IRIS Dataset.ipynb"
(IRIS Dataset.ipynb
LaTeX2e <2021-11-15> patch level 1
L3 programming layer <2021-11-22>

! LaTeX Error: Missing \begin{document}.

See the LaTeX manual or LaTeX Companion for explanation.
Type  H <return>  for immediate help.
 ...                                              
                                                  
l.2  "
      cells": [
? 
! Emergency stop.
 ...                                              
                                                  
l.2  "
      cells": [
You're in trouble here.  Try typing  <return>  to proceed.
If that doesn't work, type  X <return>  to quit.

 
Here is how much of TeX's memory you used:
 20 strings out of 478660
 622 string characters out of 2859101
 295553 words of memory out of 3000000
 18225 multiletter control sequences out of 15000+600000
 403430 words of font info for 27 fonts, out of 8000000 for 9000
 1141 hyphenation exceptions out of 8191
 13i,0n,12p,66b,18s stack positions out of 5000i,500n,10000p,200000b,80000s
No pages of output.
